<?xml version="1.0" encoding="UTF-8"?>
<!-- Generated by org.testng.reporters.JUnitReportReporter -->
<testsuite hostname="MSI" failures="0" tests="1" name="scripts.EdgeHeadlessSSL" time="5.194" errors="0" timestamp="2023-02-15T22:09:01 IST" skipped="0">
  <testcase classname="scripts.EdgeHeadlessSSL" name="f" time="5.194"/>
  <system-out/>
</testsuite> <!-- scripts.EdgeHeadlessSSL -->
