<?xml version="1.0" encoding="UTF-8"?>
<!-- Generated by org.testng.reporters.JUnitReportReporter -->
<testsuite hostname="MSI" failures="0" tests="1" name="scripts.CookieWrite" time="70.233" errors="0" timestamp="2023-02-13T17:01:26 IST" skipped="0">
  <testcase classname="scripts.CookieWrite" name="login" time="70.233"/>
  <system-out/>
</testsuite> <!-- scripts.CookieWrite -->
