<?xml version="1.0" encoding="UTF-8"?>
<!-- Generated by org.testng.reporters.JUnitReportReporter -->
<testsuite hostname="MSI" failures="0" tests="1" name="scripts.GoogleScript" time="0.000" errors="0" timestamp="2023-04-24T15:06:46 IST" skipped="0">
  <testcase classname="scripts.GoogleScript" name="test" time="0.000"/>
  <system-out/>
</testsuite> <!-- scripts.GoogleScript -->
