<?xml version="1.0" encoding="UTF-8"?>
<!-- Generated by org.testng.reporters.JUnitReportReporter -->
<testsuite hostname="MSI" failures="0" tests="1" name="scripts.profile.AmazonProfileScript" time="53.741" errors="0" timestamp="2023-02-24T22:47:50 IST" skipped="0">
  <testcase classname="scripts.profile.AmazonProfileScript" name="purchaseItems" time="53.741"/>
  <system-out/>
</testsuite> <!-- scripts.profile.AmazonProfileScript -->
